<?xml version="1.0" encoding="UTF-8"?>
<!-- Generated by org.testng.reporters.JUnitXMLReporter -->
<testsuite ignored="0" hostname="Ranjithas-MacBook-Air.local" failures="0" tests="2" name="Default test" time="32.063" errors="0" timestamp="2024-02-27T12:30:45 IST">
  <testcase classname="io.cucumber.testng.AbstractTestNGCucumberTests" name="runScenario" time="24.935"/>
  <testcase classname="io.cucumber.testng.AbstractTestNGCucumberTests" name="runScenario" time="6.885"/>
</testsuite> <!-- Default test -->
