<?xml version="1.0" encoding="UTF-8"?>
<!-- Generated by org.testng.reporters.JUnitXMLReporter -->
<testsuite ignored="0" hostname="Ranjithas-MacBook-Air.local" failures="0" tests="2" name="Error Validations Test" time="7.306" errors="0" timestamp="2023-12-17T21:44:02 IST">
  <testcase classname="Framework.tests.ErrorValidationsTest" name="cartProductVerification" time="2.572"/>
  <testcase classname="Framework.tests.ErrorValidationsTest" name="loginErrorValidation" time="0.326"/>
</testsuite> <!-- Error Validations Test -->
