<?xml version="1.0" encoding="UTF-8"?>
<!-- Generated by org.testng.reporters.JUnitXMLReporter -->
<testsuite ignored="0" hostname="Ranjithas-MacBook-Air.local" failures="0" tests="3" name="Submit Order Test" time="12.886" errors="0" timestamp="2023-12-17T21:43:55 IST">
  <testcase classname="Framework.tests.SubmitOrderTest" name="submitOrderTest" time="3.237"/>
  <testcase classname="Framework.tests.SubmitOrderTest" name="submitOrderTest" time="3.282"/>
  <testcase classname="Framework.tests.SubmitOrderTest" name="orderHistoryTest" time="0.37"/>
</testsuite> <!-- Submit Order Test -->
