<?xml version="1.0" encoding="UTF-8"?>
<!-- Generated by org.testng.reporters.JUnitXMLReporter -->
<testsuite ignored="0" hostname="Ranjithas-MacBook-Air.local" failures="2" tests="3" name="Submit Order Test" time="20.335" errors="0" timestamp="2023-12-20T22:13:20 IST">
  <testcase classname="Framework.tests.SubmitOrderTest" name="submitOrderTest" time="0.669">
    <failure type="java.lang.NullPointerException" message="Cannot invoke &amp;quot;org.openqa.selenium.WebElement.findElement(org.openqa.selenium.By)&amp;quot; because &amp;quot;prod&amp;quot; is null">
      <![CDATA[java.lang.NullPointerException: Cannot invoke "org.openqa.selenium.WebElement.findElement(org.openqa.selenium.By)" because "prod" is null
at Framework.pageobjects.ProductCatalogue.addTocart(ProductCatalogue.java:59)
at Framework.tests.SubmitOrderTest.submitOrderTest(SubmitOrderTest.java:34)
at java.base/java.util.ArrayList.forEach(ArrayList.java:1511)
... Removed 31 stack frames]]>
    </failure>
  </testcase> <!-- submitOrderTest -->
  <testcase classname="Framework.tests.SubmitOrderTest" name="submitOrderTest" time="0.593">
    <failure type="java.lang.NullPointerException" message="Cannot invoke &amp;quot;org.openqa.selenium.WebElement.findElement(org.openqa.selenium.By)&amp;quot; because &amp;quot;prod&amp;quot; is null">
      <![CDATA[java.lang.NullPointerException: Cannot invoke "org.openqa.selenium.WebElement.findElement(org.openqa.selenium.By)" because "prod" is null
at Framework.pageobjects.ProductCatalogue.addTocart(ProductCatalogue.java:59)
at Framework.tests.SubmitOrderTest.submitOrderTest(SubmitOrderTest.java:34)
at java.base/java.util.ArrayList.forEach(ArrayList.java:1511)
... Removed 31 stack frames]]>
    </failure>
  </testcase> <!-- submitOrderTest -->
  <testcase classname="Framework.tests.SubmitOrderTest" name="orderHistoryTest" time="0.0">
    <skipped/>
  </testcase> <!-- orderHistoryTest -->
</testsuite> <!-- Submit Order Test -->
